root@bpi-iot-ros-ai:/tmp# ./mqtt_cmdline.sh 192.168.88.100
LCD1602=mosquitto_pub -h 192.168.88.100 -t bananapi/rfid -m
ISO15693_UID: E007C4A83726519C
ISO15693_UID: E007C4A83726519C
ISO1443B_UID: D0020C3047172380
MIKEY
ISO1443B_UID: D0020C3047172380
MIKEY
ISO1443A_UID: DC830373
ISO1443A(1)
ISO1443A_UID: DC830373
ISO1443A(2)
Felica_UID: 012E30D2008A9630
Felica(1)
Felica_UID: 012E30D2008A9630
Felica(2)
3400300833B2DDD9 014000000000C4
3400300833B2DDD9 014000000000C4
3400300833B2DDD9 0140FFFFFFF6CC
3400300833B2DDD9 014000000000C4
Felica_UID: 012E30D2008A9630
Felica(1)
Felica_UID: 012E30D2008A9630
Felica(2)

